<?xml version="1.0" encoding="UTF-8"?>
<testng-results ignored="0" total="1" passed="1" failed="0" skipped="0">
  <reporter-output>
  </reporter-output>
  <suite started-at="2024-02-03T12:11:50 IST" name="Default suite" finished-at="2024-02-03T12:12:10 IST" duration-ms="20544">
    <groups>
    </groups>
    <test started-at="2024-02-03T12:11:50 IST" name="Default test" finished-at="2024-02-03T12:12:10 IST" duration-ms="20544">
      <class name="test_scripts.AddAddressTestScript">
        <test-method signature="addAndStoreInfo()[pri:0, instance:test_scripts.AddAddressTestScript@1a942c18]" started-at="2024-02-03T12:11:50 IST" name="addAndStoreInfo" finished-at="2024-02-03T12:12:10 IST" duration-ms="20458" status="PASS">
          <reporter-output>
          </reporter-output>
        </test-method> <!-- addAndStoreInfo -->
      </class> <!-- test_scripts.AddAddressTestScript -->
    </test> <!-- Default test -->
  </suite> <!-- Default suite -->
</testng-results>
